#
# There is insufficient memory for the Java Runtime Environment to continue.
# Native memory allocation (malloc) failed to allocate 972096 bytes for Chunk::new
# Possible reasons:
#   The system is out of physical RAM or swap space
#   The process is running with CompressedOops enabled, and the Java Heap may be blocking the growth of the native heap
# Possible solutions:
#   Reduce memory load on the system
#   Increase physical memory or swap space
#   Check if swap backing store is full
#   Decrease Java heap size (-Xmx/-Xms)
#   Decrease number of Java threads
#   Decrease Java thread stack sizes (-Xss)
#   Set larger code cache with -XX:ReservedCodeCacheSize=
#   JVM is running with Unscaled Compressed Oops mode in which the Java heap is
#     placed in the first 4GB address space. The Java Heap base address is the
#     maximum limit for the native heap growth. Please use -XX:HeapBaseMinAddress
#     to set the Java Heap base and to place the Java Heap above 4GB virtual address.
# This output file may be truncated or incomplete.
#
#  Out of Memory Error (allocation.cpp:389), pid=15768, tid=0x0000000000001a6c
#
# JRE version: OpenJDK Runtime Environment (8.0_212-b04) (build 1.8.0_212-release-1586-b04)
# Java VM: OpenJDK 64-Bit Server VM (25.212-b04 mixed mode windows-amd64 compressed oops)
# Failed to write core dump. Minidumps are not enabled by default on client versions of Windows
#

---------------  T H R E A D  ---------------

Current thread (0x000000001a1c3000):  JavaThread "C2 CompilerThread3" daemon [_thread_in_native, id=6764, stack(0x000000001cc20000,0x000000001cd20000)]

Stack: [0x000000001cc20000,0x000000001cd20000]
[error occurred during error reporting (printing stack bounds), id 0xc0000005]

Native frames: (J=compiled Java code, j=interpreted, Vv=VM code, C=native code)


Current CompileTask:
C2:2957172 12781   !   4       org.gradle.internal.operations.DefaultBuildOperationExecutor$1::execute (82 bytes)


---------------  P R O C E S S  ---------------

Java Threads: ( => current thread )
  0x0000000026339000 JavaThread "Build operations Thread 24" [_thread_blocked, id=23712, stack(0x00000000295e0000,0x00000000296e0000)]
  0x000000002633d800 JavaThread "Build operations Thread 23" [_thread_blocked, id=20924, stack(0x00000000294e0000,0x00000000295e0000)]
  0x0000000026339800 JavaThread "Build operations Thread 22" [_thread_blocked, id=19848, stack(0x00000000293e0000,0x00000000294e0000)]
  0x000000002633f800 JavaThread "Build operations Thread 21" [_thread_blocked, id=24728, stack(0x00000000292e0000,0x00000000293e0000)]
  0x000000002633b000 JavaThread "Build operations Thread 20" [_thread_blocked, id=25508, stack(0x00000000291e0000,0x00000000292e0000)]
  0x00000000235fc000 JavaThread "Build operations Thread 19" [_thread_blocked, id=4160, stack(0x00000000290e0000,0x00000000291e0000)]
  0x00000000235f4800 JavaThread "Build operations Thread 18" [_thread_blocked, id=4632, stack(0x0000000028fe0000,0x00000000290e0000)]
  0x00000000235fb000 JavaThread "Build operations Thread 17" [_thread_blocked, id=18208, stack(0x0000000028ee0000,0x0000000028fe0000)]
  0x00000000235f5000 JavaThread "Build operations Thread 16" [_thread_blocked, id=7988, stack(0x0000000028de0000,0x0000000028ee0000)]
  0x00000000235f3800 JavaThread "Build operations Thread 15" [_thread_blocked, id=11584, stack(0x0000000028ce0000,0x0000000028de0000)]
  0x00000000235fa800 JavaThread "Build operations Thread 14" [_thread_blocked, id=2124, stack(0x0000000028be0000,0x0000000028ce0000)]
  0x00000000235f8000 JavaThread "Build operations Thread 13" [_thread_blocked, id=4364, stack(0x0000000028ae0000,0x0000000028be0000)]
  0x00000000235f6000 JavaThread "Build operations Thread 12" [_thread_blocked, id=15024, stack(0x00000000289e0000,0x0000000028ae0000)]
  0x00000000235f7800 JavaThread "Build operations Thread 11" [_thread_blocked, id=18540, stack(0x00000000288e0000,0x00000000289e0000)]
  0x000000001f118800 JavaThread "Build operations Thread 10" [_thread_blocked, id=10196, stack(0x00000000287e0000,0x00000000288e0000)]
  0x000000001f117800 JavaThread "Build operations Thread 9" [_thread_blocked, id=16172, stack(0x00000000286e0000,0x00000000287e0000)]
  0x000000001f11d000 JavaThread "Build operations Thread 8" [_thread_blocked, id=18548, stack(0x00000000285e0000,0x00000000286e0000)]
  0x000000001f119000 JavaThread "Build operations Thread 7" [_thread_blocked, id=9520, stack(0x00000000284e0000,0x00000000285e0000)]
  0x000000001f11a000 JavaThread "Build operations Thread 6" [_thread_blocked, id=19460, stack(0x00000000283e0000,0x00000000284e0000)]
  0x000000001f11c000 JavaThread "Build operations Thread 5" [_thread_blocked, id=22288, stack(0x00000000282e0000,0x00000000283e0000)]
  0x000000001f11b800 JavaThread "Build operations Thread 4" [_thread_blocked, id=6884, stack(0x00000000281e0000,0x00000000282e0000)]
  0x000000001f11a800 JavaThread "Build operations Thread 3" [_thread_blocked, id=8436, stack(0x00000000280e0000,0x00000000281e0000)]
  0x000000001f11d800 JavaThread "Build operations Thread 2" [_thread_blocked, id=21376, stack(0x0000000027b50000,0x0000000027c50000)]
  0x000000001f11e800 JavaThread "Build operations" [_thread_blocked, id=23892, stack(0x0000000027a50000,0x0000000027b50000)]
  0x000000001f113000 JavaThread "Cache worker for cache directory md-rule (C:\Users\remyb\.gradle\caches\6.1-rc-1\md-rule)" [_thread_blocked, id=19060, stack(0x00000000240e0000,0x00000000241e0000)]
  0x000000001f117000 JavaThread "Cache worker for cache directory md-supplier (C:\Users\remyb\.gradle\caches\6.1-rc-1\md-supplier)" [_thread_blocked, id=17656, stack(0x0000000023fe0000,0x00000000240e0000)]
  0x000000001f10f800 JavaThread "Cache worker for file hash cache (C:\Android Development\Portfolio apps\Curiosity Reporting\.gradle\6.1-rc-1\fileHashes)" [_thread_blocked, id=6748, stack(0x0000000023ce0000,0x0000000023de0000)]
  0x000000001f116000 JavaThread "Cache worker for checksums cache (C:\Android Development\Portfolio apps\Curiosity Reporting\.gradle\checksums)" [_thread_blocked, id=6360, stack(0x00000000239e0000,0x0000000023ae0000)]
  0x000000001f110000 JavaThread "Thread-50" [_thread_blocked, id=7028, stack(0x00000000238e0000,0x00000000239e0000)]
  0x000000001f111800 JavaThread "Stdin handler" [_thread_blocked, id=17228, stack(0x0000000021040000,0x0000000021140000)]
  0x000000001a269800 JavaThread "Asynchronous log dispatcher for DefaultDaemonConnection: socket connection from /127.0.0.1:62129 to /127.0.0.1:52376" [_thread_blocked, id=8472, stack(0x0000000020d40000,0x0000000020e40000)]
  0x000000001a269000 JavaThread "Daemon worker Thread 2" [_thread_in_Java, id=22876, stack(0x0000000020c40000,0x0000000020d40000)]
  0x000000001a266800 JavaThread "Cancel handler" [_thread_blocked, id=4792, stack(0x0000000020940000,0x0000000020a40000)]
  0x000000001a26a800 JavaThread "Handler for socket connection from /127.0.0.1:62129 to /127.0.0.1:52376" [_thread_in_native, id=24016, stack(0x0000000020840000,0x0000000020940000)]
  0x000000001a267800 JavaThread "Daemon Thread 2" [_thread_blocked, id=18988, stack(0x0000000000610000,0x0000000000710000)]
  0x00000000235f9800 JavaThread "Memory manager" [_thread_blocked, id=14088, stack(0x000000002b9b0000,0x000000002bab0000)]
  0x000000001a26b000 JavaThread "Cache worker for execution history cache (C:\Users\remyb\.gradle\caches\6.1-rc-1\executionHistory)" [_thread_blocked, id=22800, stack(0x00000000241e0000,0x00000000242e0000)]
  0x000000001a266000 JavaThread "Cache worker for file hash cache (C:\Users\remyb\.gradle\caches\6.1-rc-1\fileHashes)" [_thread_blocked, id=14060, stack(0x0000000021640000,0x0000000021740000)]
  0x000000001a265000 JavaThread "File lock request listener" [_thread_in_native, id=8108, stack(0x0000000021440000,0x0000000021540000)]
  0x000000001f802800 JavaThread "Cache worker for journal cache (C:\Users\remyb\.gradle\caches\journal-1)" [_thread_blocked, id=7428, stack(0x0000000021340000,0x0000000021440000)]
  0x000000001f55c000 JavaThread "Daemon periodic checks" [_thread_blocked, id=19076, stack(0x0000000020740000,0x0000000020840000)]
  0x000000001f55a000 JavaThread "Incoming local TCP Connector on port 62129" [_thread_in_native, id=1920, stack(0x0000000020500000,0x0000000020600000)]
  0x000000001f4e7800 JavaThread "Daemon health stats" [_thread_blocked, id=19040, stack(0x000000001fec0000,0x000000001ffc0000)]
  0x000000001a2b2800 JavaThread "Service Thread" daemon [_thread_blocked, id=15412, stack(0x000000001d520000,0x000000001d620000)]
  0x000000001a268000 JavaThread "C1 CompilerThread11" daemon [_thread_blocked, id=24920, stack(0x000000001d420000,0x000000001d520000)]
  0x000000001a21f800 JavaThread "C1 CompilerThread10" daemon [_thread_blocked, id=21252, stack(0x000000001d320000,0x000000001d420000)]
  0x000000001a1e3000 JavaThread "C1 CompilerThread9" daemon [_thread_blocked, id=21864, stack(0x000000001d220000,0x000000001d320000)]
  0x000000001a1d8000 JavaThread "C1 CompilerThread8" daemon [_thread_blocked, id=4984, stack(0x000000001d120000,0x000000001d220000)]
  0x000000001a1d5000 JavaThread "C2 CompilerThread7" daemon [_thread_blocked, id=21916, stack(0x000000001d020000,0x000000001d120000)]
  0x000000001a1ca000 JavaThread "C2 CompilerThread6" daemon [_thread_in_native, id=22536, stack(0x000000001cf20000,0x000000001d020000)]
  0x000000001a1c8000 JavaThread "C2 CompilerThread5" daemon [_thread_in_native, id=21064, stack(0x000000001ce20000,0x000000001cf20000)]
  0x000000001a1c4000 JavaThread "C2 CompilerThread4" daemon [_thread_in_native, id=19904, stack(0x000000001cd20000,0x000000001ce20000)]
=>0x000000001a1c3000 JavaThread "C2 CompilerThread3" daemon [_thread_in_native, id=6764, stack(0x000000001cc20000,0x000000001cd20000)]
  0x0000000018257000 JavaThread "C2 CompilerThread2" daemon [_thread_in_native, id=19552, stack(0x000000001cb20000,0x000000001cc20000)]
  0x0000000018256800 JavaThread "C2 CompilerThread1" daemon [_thread_in_native, id=8752, stack(0x000000001ca20000,0x000000001cb20000)]
  0x0000000018251800 JavaThread "C2 CompilerThread0" daemon [_thread_in_native, id=8884, stack(0x000000001c920000,0x000000001ca20000)]
  0x0000000018251000 JavaThread "Attach Listener" daemon [_thread_blocked, id=8760, stack(0x000000001c820000,0x000000001c920000)]
  0x000000001825e000 JavaThread "Signal Dispatcher" daemon [_thread_blocked, id=5096, stack(0x000000001c720000,0x000000001c820000)]
  0x000000001a1ba000 JavaThread "Finalizer" daemon [_thread_blocked, id=16156, stack(0x000000001c520000,0x000000001c620000)]
  0x0000000018243800 JavaThread "Reference Handler" daemon [_thread_blocked, id=25544, stack(0x000000001c420000,0x000000001c520000)]
  0x0000000000b5d800 JavaThread "main" [_thread_blocked, id=14716, stack(0x00000000025e0000,0x00000000026e0000)]

Other Threads:
  0x000000001823d800 VMThread [stack: 0x000000001c320000,0x000000001c420000] [id=7704]
  0x000000001a29d800 WatcherThread [stack: 0x000000001d620000,0x000000001d720000] [id=20672]

VM state:not at safepoint (normal execution)

VM Mutex/Monitor currently owned by a thread: None

heap address: 0x0000000080000000, size: 2048 MB, Compressed Oops mode: 32-bit
Narrow klass base: 0x0000000000000000, Narrow klass shift: 3
Compressed class space size: 1073741824 Address: 0x0000000100000000

Heap:
 PSYoungGen      total 471040K, used 402040K [0x00000000d5580000, 0x00000000fb080000, 0x0000000100000000)
  eden space 443904K, 84% used [0x00000000d5580000,0x00000000ec39ed50,0x00000000f0700000)
  from space 27136K, 99% used [0x00000000f0700000,0x00000000f217f6a8,0x00000000f2180000)
  to   space 34304K, 0% used [0x00000000f8f00000,0x00000000f8f00000,0x00000000fb080000)
 ParOldGen       total 434688K, used 44552K [0x0000000080000000, 0x000000009a880000, 0x00000000d5580000)
  object space 434688K, 10% used [0x0000000080000000,0x0000000082b823c0,0x000000009a880000)
 Metaspace       used 80527K, capacity 85910K, committed 86296K, reserved 1124352K
  class space    used 10865K, capacity 11960K, committed 12080K, reserved 1048576K

Card table byte_map: [0x0000000011ba0000,0x0000000011fb0000] byte_map_base: 0x00000000117a0000

Marking Bits: (ParMarkBitMap*) 0x000000006a6e9f30
 Begin Bits: [0x0000000013460000, 0x0000000015460000)
 End Bits:   [0x0000000015460000, 0x0000000017460000)

Polling page: 0x0000000000b00000

CodeCache: size=245760Kb used=37831Kb max_used=37831Kb free=207928Kb
 bounds [0x00000000027e0000, 0x0000000004d40000, 0x00000000117e0000]
 total_blobs=11664 nmethods=10833 adapters=738
 compilation: enabled

Compilation events (10 events):
Event: 2957.166 Thread 0x000000001a1e3000 nmethod 12837 0x0000000004a30cd0 code [0x0000000004a30ee0, 0x0000000004a319b8]
Event: 2957.167 Thread 0x000000001a268000 12839       3       org.gradle.api.internal.file.DefaultFileCollectionFactory$FixedFileCollection::<init> (15 bytes)
Event: 2957.167 Thread 0x000000001a268000 nmethod 12839 0x0000000003331750 code [0x00000000033318c0, 0x0000000003331af0]
Event: 2957.167 Thread 0x000000001a1d8000 12840       3       org.gradle.internal.vfs.impl.DefaultSnapshotHierarchy::getMetadata (44 bytes)
Event: 2957.167 Thread 0x000000001a21f800 12841       3       sun.nio.fs.WindowsNativeDispatcher::asNativeBuffer (84 bytes)
Event: 2957.167 Thread 0x000000001a1d8000 nmethod 12840 0x00000000038786d0 code [0x00000000038788a0, 0x0000000003878e68]
Event: 2957.167 Thread 0x000000001a21f800 nmethod 12841 0x0000000002e29bd0 code [0x0000000002e29dc0, 0x0000000002e2a6b8]
Event: 2957.168 Thread 0x0000000018257000 nmethod 12831 0x0000000004c38390 code [0x0000000004c38520, 0x0000000004c38b78]
Event: 2957.169 Thread 0x000000001a1c8000 12842       4       org.gradle.internal.vfs.impl.SnapshotHierarchy::getSnapshot (38 bytes)
Event: 2957.170 Thread 0x000000001a1d5000 nmethod 12833 0x0000000002c53790 code [0x0000000002c53960, 0x0000000002c54398]

GC Heap History (10 events):
Event: 8.256 GC heap before
{Heap before GC invocations=8 (full 2):
 PSYoungGen      total 195584K, used 190457K [0x00000000d5580000, 0x00000000e7000000, 0x0000000100000000)
  eden space 174080K, 100% used [0x00000000d5580000,0x00000000dff80000,0x00000000dff80000)
  from space 21504K, 76% used [0x00000000dff80000,0x00000000e0f7e760,0x00000000e1480000)
  to   space 18432K, 0% used [0x00000000e5e00000,0x00000000e5e00000,0x00000000e7000000)
 ParOldGen       total 352256K, used 17811K [0x0000000080000000, 0x0000000095800000, 0x00000000d5580000)
  object space 352256K, 5% used [0x0000000080000000,0x0000000081164fc0,0x0000000095800000)
 Metaspace       used 56581K, capacity 58854K, committed 58928K, reserved 1099776K
  class space    used 7676K, capacity 8196K, committed 8240K, reserved 1048576K
Event: 8.279 GC heap after
Heap after GC invocations=8 (full 2):
 PSYoungGen      total 263680K, used 18428K [0x00000000d5580000, 0x00000000e8580000, 0x0000000100000000)
  eden space 245248K, 0% used [0x00000000d5580000,0x00000000d5580000,0x00000000e4500000)
  from space 18432K, 99% used [0x00000000e5e00000,0x00000000e6fff320,0x00000000e7000000)
  to   space 25600K, 0% used [0x00000000e4500000,0x00000000e4500000,0x00000000e5e00000)
 ParOldGen       total 352256K, used 26696K [0x0000000080000000, 0x0000000095800000, 0x00000000d5580000)
  object space 352256K, 7% used [0x0000000080000000,0x0000000081a12368,0x0000000095800000)
 Metaspace       used 56581K, capacity 58854K, committed 58928K, reserved 1099776K
  class space    used 7676K, capacity 8196K, committed 8240K, reserved 1048576K
}
Event: 8.354 GC heap before
{Heap before GC invocations=9 (full 2):
 PSYoungGen      total 263680K, used 27823K [0x00000000d5580000, 0x00000000e8580000, 0x0000000100000000)
  eden space 245248K, 3% used [0x00000000d5580000,0x00000000d5eac988,0x00000000e4500000)
  from space 18432K, 99% used [0x00000000e5e00000,0x00000000e6fff320,0x00000000e7000000)
  to   space 25600K, 0% used [0x00000000e4500000,0x00000000e4500000,0x00000000e5e00000)
 ParOldGen       total 352256K, used 26696K [0x0000000080000000, 0x0000000095800000, 0x00000000d5580000)
  object space 352256K, 7% used [0x0000000080000000,0x0000000081a12368,0x0000000095800000)
 Metaspace       used 56721K, capacity 59046K, committed 59160K, reserved 1099776K
  class space    used 7699K, capacity 8239K, committed 8240K, reserved 1048576K
Event: 8.375 GC heap after
Heap after GC invocations=9 (full 2):
 PSYoungGen      total 270848K, used 19340K [0x00000000d5580000, 0x00000000f4100000, 0x0000000100000000)
  eden space 245248K, 0% used [0x00000000d5580000,0x00000000d5580000,0x00000000e4500000)
  from space 25600K, 75% used [0x00000000e4500000,0x00000000e57e3310,0x00000000e5e00000)
  to   space 26112K, 0% used [0x00000000f2780000,0x00000000f2780000,0x00000000f4100000)
 ParOldGen       total 352256K, used 26704K [0x0000000080000000, 0x0000000095800000, 0x00000000d5580000)
  object space 352256K, 7% used [0x0000000080000000,0x0000000081a14368,0x0000000095800000)
 Metaspace       used 56721K, capacity 59046K, committed 59160K, reserved 1099776K
  class space    used 7699K, capacity 8239K, committed 8240K, reserved 1048576K
}
Event: 8.375 GC heap before
{Heap before GC invocations=10 (full 3):
 PSYoungGen      total 270848K, used 19340K [0x00000000d5580000, 0x00000000f4100000, 0x0000000100000000)
  eden space 245248K, 0% used [0x00000000d5580000,0x00000000d5580000,0x00000000e4500000)
  from space 25600K, 75% used [0x00000000e4500000,0x00000000e57e3310,0x00000000e5e00000)
  to   space 26112K, 0% used [0x00000000f2780000,0x00000000f2780000,0x00000000f4100000)
 ParOldGen       total 352256K, used 26704K [0x0000000080000000, 0x0000000095800000, 0x00000000d5580000)
  object space 352256K, 7% used [0x0000000080000000,0x0000000081a14368,0x0000000095800000)
 Metaspace       used 56721K, capacity 59046K, committed 59160K, reserved 1099776K
  class space    used 7699K, capacity 8239K, committed 8240K, reserved 1048576K
Event: 8.534 GC heap after
Heap after GC invocations=10 (full 3):
 PSYoungGen      total 270848K, used 0K [0x00000000d5580000, 0x00000000f4100000, 0x0000000100000000)
  eden space 245248K, 0% used [0x00000000d5580000,0x00000000d5580000,0x00000000e4500000)
  from space 25600K, 0% used [0x00000000e4500000,0x00000000e4500000,0x00000000e5e00000)
  to   space 26112K, 0% used [0x00000000f2780000,0x00000000f2780000,0x00000000f4100000)
 ParOldGen       total 434688K, used 34693K [0x0000000080000000, 0x000000009a880000, 0x00000000d5580000)
  object space 434688K, 7% used [0x0000000080000000,0x00000000821e1448,0x000000009a880000)
 Metaspace       used 56669K, capacity 58866K, committed 59160K, reserved 1099776K
  class space    used 7682K, capacity 8209K, committed 8240K, reserved 1048576K
}
Event: 10.212 GC heap before
{Heap before GC invocations=11 (full 3):
 PSYoungGen      total 270848K, used 245248K [0x00000000d5580000, 0x00000000f4100000, 0x0000000100000000)
  eden space 245248K, 100% used [0x00000000d5580000,0x00000000e4500000,0x00000000e4500000)
  from space 25600K, 0% used [0x00000000e4500000,0x00000000e4500000,0x00000000e5e00000)
  to   space 26112K, 0% used [0x00000000f2780000,0x00000000f2780000,0x00000000f4100000)
 ParOldGen       total 434688K, used 34693K [0x0000000080000000, 0x000000009a880000, 0x00000000d5580000)
  object space 434688K, 7% used [0x0000000080000000,0x00000000821e1448,0x000000009a880000)
 Metaspace       used 66353K, capacity 69202K, committed 69272K, reserved 1107968K
  class space    used 9207K, capacity 9881K, committed 9904K, reserved 1048576K
Event: 10.226 GC heap after
Heap after GC invocations=11 (full 3):
 PSYoungGen      total 424960K, used 20754K [0x00000000d5580000, 0x00000000f3c00000, 0x0000000100000000)
  eden space 403968K, 0% used [0x00000000d5580000,0x00000000d5580000,0x00000000ee000000)
  from space 20992K, 98% used [0x00000000f2780000,0x00000000f3bc4980,0x00000000f3c00000)
  to   space 27136K, 0% used [0x00000000f0700000,0x00000000f0700000,0x00000000f2180000)
 ParOldGen       total 434688K, used 34701K [0x0000000080000000, 0x000000009a880000, 0x00000000d5580000)
  object space 434688K, 7% used [0x0000000080000000,0x00000000821e3448,0x000000009a880000)
 Metaspace       used 66353K, capacity 69202K, committed 69272K, reserved 1107968K
  class space    used 9207K, capacity 9881K, committed 9904K, reserved 1048576K
}
Event: 11.544 GC heap before
{Heap before GC invocations=12 (full 3):
 PSYoungGen      total 424960K, used 424722K [0x00000000d5580000, 0x00000000f3c00000, 0x0000000100000000)
  eden space 403968K, 100% used [0x00000000d5580000,0x00000000ee000000,0x00000000ee000000)
  from space 20992K, 98% used [0x00000000f2780000,0x00000000f3bc4980,0x00000000f3c00000)
  to   space 27136K, 0% used [0x00000000f0700000,0x00000000f0700000,0x00000000f2180000)
 ParOldGen       total 434688K, used 34701K [0x0000000080000000, 0x000000009a880000, 0x00000000d5580000)
  object space 434688K, 7% used [0x0000000080000000,0x00000000821e3448,0x000000009a880000)
 Metaspace       used 73972K, capacity 78672K, committed 79000K, reserved 1118208K
  class space    used 10248K, capacity 11162K, committed 11184K, reserved 1048576K
Event: 11.559 GC heap after
Heap after GC invocations=12 (full 3):
 PSYoungGen      total 471040K, used 27133K [0x00000000d5580000, 0x00000000fb080000, 0x0000000100000000)
  eden space 443904K, 0% used [0x00000000d5580000,0x00000000d5580000,0x00000000f0700000)
  from space 27136K, 99% used [0x00000000f0700000,0x00000000f217f6a8,0x00000000f2180000)
  to   space 34304K, 0% used [0x00000000f8f00000,0x00000000f8f00000,0x00000000fb080000)
 ParOldGen       total 434688K, used 44552K [0x0000000080000000, 0x000000009a880000, 0x00000000d5580000)
  object space 434688K, 10% used [0x0000000080000000,0x0000000082b823c0,0x000000009a880000)
 Metaspace       used 73972K, capacity 78672K, committed 79000K, reserved 1118208K
  class space    used 10248K, capacity 11162K, committed 11184K, reserved 1048576K
}

Deoptimization events (10 events):
Event: 2957.122 Thread 0x000000001a269000 Uncommon trap: reason=class_check action=maybe_recompile pc=0x0000000004987c40 method=org.gradle.api.internal.artifacts.ivyservice.resolveengine.graph.builder.NodeState.maybeSubstitute(Lorg/gradle/api/internal/artifacts/ivyservice/resolveengine/graph/buil
Event: 2957.122 Thread 0x000000001a269000 Uncommon trap: reason=class_check action=maybe_recompile pc=0x0000000004987c40 method=org.gradle.api.internal.artifacts.ivyservice.resolveengine.graph.builder.NodeState.maybeSubstitute(Lorg/gradle/api/internal/artifacts/ivyservice/resolveengine/graph/buil
Event: 2957.122 Thread 0x000000001a269000 Uncommon trap: reason=class_check action=maybe_recompile pc=0x0000000004987c40 method=org.gradle.api.internal.artifacts.ivyservice.resolveengine.graph.builder.NodeState.maybeSubstitute(Lorg/gradle/api/internal/artifacts/ivyservice/resolveengine/graph/buil
Event: 2957.122 Thread 0x000000001a269000 Uncommon trap: reason=class_check action=maybe_recompile pc=0x0000000004987c40 method=org.gradle.api.internal.artifacts.ivyservice.resolveengine.graph.builder.NodeState.maybeSubstitute(Lorg/gradle/api/internal/artifacts/ivyservice/resolveengine/graph/buil
Event: 2957.126 Thread 0x000000001a269000 Uncommon trap: reason=null_check action=make_not_entrant pc=0x0000000004960ab8 method=org.gradle.api.internal.artifacts.repositories.metadata.DefaultMavenImmutableAttributesFactory.platformWithUsage(Lorg/gradle/api/internal/attributes/ImmutableAttributes;
Event: 2957.148 Thread 0x000000001a269000 Uncommon trap: reason=unstable_if action=reinterpret pc=0x00000000049a4adc method=java.util.concurrent.ThreadPoolExecutor.execute(Ljava/lang/Runnable;)V @ 28
Event: 2957.151 Thread 0x000000002633f800 Uncommon trap: reason=unstable_if action=reinterpret pc=0x00000000035701f8 method=java.util.concurrent.ConcurrentHashMap.transfer([Ljava/util/concurrent/ConcurrentHashMap$Node;[Ljava/util/concurrent/ConcurrentHashMap$Node;)V @ 277
Event: 2957.151 Thread 0x000000002633b000 Uncommon trap: reason=unstable_if action=reinterpret pc=0x0000000003570190 method=java.util.concurrent.ConcurrentHashMap.transfer([Ljava/util/concurrent/ConcurrentHashMap$Node;[Ljava/util/concurrent/ConcurrentHashMap$Node;)V @ 34
Event: 2957.151 Thread 0x00000000235f7800 Uncommon trap: reason=unstable_if action=reinterpret pc=0x0000000003b1f7c0 method=java.util.concurrent.ConcurrentHashMap.replaceNode(Ljava/lang/Object;Ljava/lang/Object;Ljava/lang/Object;)Ljava/lang/Object; @ 62
Event: 2957.167 Thread 0x000000001a269000 Uncommon trap: reason=unstable_if action=reinterpret pc=0x0000000004a343d4 method=org.gradle.internal.vfs.impl.DefaultSnapshotHierarchy.getMetadata(Ljava/lang/String;)Ljava/util/Optional; @ 24

Classes redefined (0 events):
No events

Internal exceptions (10 events):
Event: 12.315 Thread 0x000000001f60f800 Exception <a 'java/lang/NoSuchMethodError': <clinit>> (0x00000000d5e766a8) thrown at [D:\src\AOSP-openjdk-cygwin\jdk8u\hotspot\src\share\vm\prims\jni.cpp, line 1614]
Event: 12.318 Thread 0x000000001f63c000 Exception <a 'sun/nio/fs/WindowsException'> (0x00000000e5f0ccf0) thrown at [D:\src\AOSP-openjdk-cygwin\jdk8u\hotspot\src\share\vm\prims\jni.cpp, line 710]
Event: 12.332 Thread 0x000000001f63c000 Implicit null exception at 0x0000000003081c6c to 0x0000000003081cb5
Event: 12.358 Thread 0x000000001f63c000 Implicit null exception at 0x00000000043e2ce7 to 0x00000000043e307d
Event: 2957.052 Thread 0x000000001a269000 Implicit null exception at 0x0000000004b0c55d to 0x0000000004b10e23
Event: 2957.073 Thread 0x000000001a269000 Exception <a 'java/lang/ClassNotFoundException': sync_studio_tooling577_4ombnmh9kc9fd74rqqbukcd5hBeanInfo> (0x00000000eab7c170) thrown at [D:\src\AOSP-openjdk-cygwin\jdk8u\hotspot\src\share\vm\classfile\systemDictionary.cpp, line 210]
Event: 2957.073 Thread 0x000000001a269000 Exception <a 'java/lang/ClassNotFoundException': sync_studio_tooling577_4ombnmh9kc9fd74rqqbukcd5hCustomizer> (0x00000000eab8b160) thrown at [D:\src\AOSP-openjdk-cygwin\jdk8u\hotspot\src\share\vm\classfile\systemDictionary.cpp, line 210]
Event: 2957.095 Thread 0x000000001a269000 Exception <a 'java/lang/ClassNotFoundException': sync_studio_tooling577_4ombnmh9kc9fd74rqqbukcd5hBeanInfo> (0x00000000ead1f950) thrown at [D:\src\AOSP-openjdk-cygwin\jdk8u\hotspot\src\share\vm\classfile\systemDictionary.cpp, line 210]
Event: 2957.095 Thread 0x000000001a269000 Exception <a 'java/lang/ClassNotFoundException': sync_studio_tooling577_4ombnmh9kc9fd74rqqbukcd5hCustomizer> (0x00000000ead2e890) thrown at [D:\src\AOSP-openjdk-cygwin\jdk8u\hotspot\src\share\vm\classfile\systemDictionary.cpp, line 210]
Event: 2957.126 Thread 0x000000001a269000 Implicit null exception at 0x000000000495fe77 to 0x0000000004960a76

Events (10 events):
Event: 2957.151 Thread 0x000000002633f800 DEOPT PACKING pc=0x00000000035701f8 sp=0x00000000293defb0
Event: 2957.151 Thread 0x000000002633b000 DEOPT PACKING pc=0x0000000003570190 sp=0x00000000292def10
Event: 2957.151 Thread 0x00000000235f7800 Uncommon trap: trap_request=0xffffff65 fr.pc=0x0000000003b1f7c0
Event: 2957.151 Thread 0x000000002633f800 DEOPT UNPACKING pc=0x000000000282557b sp=0x00000000293def28 mode 2
Event: 2957.151 Thread 0x000000002633b000 DEOPT UNPACKING pc=0x000000000282557b sp=0x00000000292dee90 mode 2
Event: 2957.151 Thread 0x00000000235f7800 DEOPT PACKING pc=0x0000000003b1f7c0 sp=0x00000000289defc0
Event: 2957.151 Thread 0x00000000235f7800 DEOPT UNPACKING pc=0x000000000282557b sp=0x00000000289def60 mode 2
Event: 2957.167 Thread 0x000000001a269000 Uncommon trap: trap_request=0xffffff65 fr.pc=0x0000000004a343d4
Event: 2957.167 Thread 0x000000001a269000 DEOPT PACKING pc=0x0000000004a343d4 sp=0x0000000020d3ab90
Event: 2957.167 Thread 0x000000001a269000 DEOPT UNPACKING pc=0x000000000282557b sp=0x0000000020d3ab68 mode 2


Dynamic libraries:
0x00007ff6822d0000 - 0x00007ff682301000 	C:\Program Files\Android\Android Studio\jre\bin\java.exe
0x00007ffb10260000 - 0x00007ffb10450000 	C:\Windows\SYSTEM32\ntdll.dll
0x00007ffb0ee20000 - 0x00007ffb0eed2000 	C:\Windows\System32\KERNEL32.DLL
0x00007ffb0e060000 - 0x00007ffb0e303000 	C:\Windows\System32\KERNELBASE.dll
0x00007ffb0ed10000 - 0x00007ffb0edb3000 	C:\Windows\System32\ADVAPI32.dll
0x00007ffb0eee0000 - 0x00007ffb0ef7e000 	C:\Windows\System32\msvcrt.dll
0x00007ffb0ff50000 - 0x00007ffb0ffe7000 	C:\Windows\System32\sechost.dll
0x00007ffb0e780000 - 0x00007ffb0e8a0000 	C:\Windows\System32\RPCRT4.dll
0x00007ffb0f490000 - 0x00007ffb0f624000 	C:\Windows\System32\USER32.dll
0x00007ffb0d590000 - 0x00007ffb0d5b1000 	C:\Windows\System32\win32u.dll
0x00007ffb0edf0000 - 0x00007ffb0ee16000 	C:\Windows\System32\GDI32.dll
0x00007ffb0d5c0000 - 0x00007ffb0d754000 	C:\Windows\System32\gdi32full.dll
0x00007ffb0d340000 - 0x00007ffb0d3de000 	C:\Windows\System32\msvcp_win.dll
0x00007ffb0d430000 - 0x00007ffb0d52a000 	C:\Windows\System32\ucrtbase.dll
0x00007ffafe3c0000 - 0x00007ffafe645000 	C:\Windows\WinSxS\amd64_microsoft.windows.common-controls_6595b64144ccf1df_6.0.18362.657_none_e6c5b579130e3898\COMCTL32.dll
0x00007ffb0f140000 - 0x00007ffb0f476000 	C:\Windows\System32\combase.dll
0x00007ffb0dee0000 - 0x00007ffb0df60000 	C:\Windows\System32\bcryptPrimitives.dll
0x00007ffb0edc0000 - 0x00007ffb0edee000 	C:\Windows\System32\IMM32.DLL
0x000000006aa90000 - 0x000000006ab62000 	C:\Program Files\Android\Android Studio\jre\jre\bin\msvcr100.dll
0x0000000069f20000 - 0x000000006a766000 	C:\Program Files\Android\Android Studio\jre\jre\bin\server\jvm.dll
0x00007ffb0f630000 - 0x00007ffb0f638000 	C:\Windows\System32\PSAPI.DLL
0x00007ffb0a6c0000 - 0x00007ffb0a6e4000 	C:\Windows\SYSTEM32\WINMM.dll
0x00007ffab0f30000 - 0x00007ffab0f39000 	C:\Windows\SYSTEM32\WSOCK32.dll
0x00007ffb0bc10000 - 0x00007ffb0bc1a000 	C:\Windows\SYSTEM32\VERSION.dll
0x00007ffb0eca0000 - 0x00007ffb0ed0f000 	C:\Windows\System32\WS2_32.dll
0x00007ffb09fd0000 - 0x00007ffb09ffd000 	C:\Windows\SYSTEM32\WINMMBASE.dll
0x00007ffb0d3e0000 - 0x00007ffb0d42a000 	C:\Windows\System32\cfgmgr32.dll
0x00007ffb05880000 - 0x00007ffb0588f000 	C:\Program Files\Android\Android Studio\jre\jre\bin\verify.dll
0x00007ffaaddf0000 - 0x00007ffaade19000 	C:\Program Files\Android\Android Studio\jre\jre\bin\java.dll
0x00007ffaaddd0000 - 0x00007ffaadde6000 	C:\Program Files\Android\Android Studio\jre\jre\bin\zip.dll
0x00007ffb0f790000 - 0x00007ffb0fe75000 	C:\Windows\System32\SHELL32.dll
0x00007ffb0ea40000 - 0x00007ffb0eae9000 	C:\Windows\System32\shcore.dll
0x00007ffb0d760000 - 0x00007ffb0dedf000 	C:\Windows\System32\windows.storage.dll
0x00007ffb0d160000 - 0x00007ffb0d17f000 	C:\Windows\System32\profapi.dll
0x00007ffb0d180000 - 0x00007ffb0d1ca000 	C:\Windows\System32\powrprof.dll
0x00007ffb0d130000 - 0x00007ffb0d140000 	C:\Windows\System32\UMPDC.dll
0x00007ffb0eb70000 - 0x00007ffb0ebc2000 	C:\Windows\System32\shlwapi.dll
0x00007ffb0d140000 - 0x00007ffb0d151000 	C:\Windows\System32\kernel.appcore.dll
0x00007ffb0df90000 - 0x00007ffb0dfa7000 	C:\Windows\System32\cryptsp.dll
0x00007ffaadd90000 - 0x00007ffaaddaa000 	C:\Program Files\Android\Android Studio\jre\jre\bin\net.dll
0x00007ffaff7a0000 - 0x00007ffaff976000 	C:\Windows\SYSTEM32\urlmon.dll
0x00007ffaffad0000 - 0x00007ffaffd76000 	C:\Windows\SYSTEM32\iertutil.dll
0x00007ffb0cad0000 - 0x00007ffb0cadc000 	C:\Windows\SYSTEM32\CRYPTBASE.DLL
0x00007ffb0c950000 - 0x00007ffb0c9b7000 	C:\Windows\system32\mswsock.dll
0x00007ffaadd70000 - 0x00007ffaadd83000 	C:\Program Files\Android\Android Studio\jre\jre\bin\nio.dll
0x00007ffb097d0000 - 0x00007ffb097f6000 	C:\Users\remyb\.gradle\native\31\windows-amd64\native-platform.dll
0x00007ffb05870000 - 0x00007ffb0587d000 	C:\Program Files\Android\Android Studio\jre\jre\bin\management.dll
0x00007ffb0c4d0000 - 0x00007ffb0c503000 	C:\Windows\system32\rsaenh.dll
0x00007ffb0df60000 - 0x00007ffb0df86000 	C:\Windows\System32\bcrypt.dll
0x00007ffb0d050000 - 0x00007ffb0d075000 	C:\Windows\SYSTEM32\USERENV.dll
0x00007ffb0c670000 - 0x00007ffb0c6aa000 	C:\Windows\SYSTEM32\IPHLPAPI.DLL
0x00007ffb0f780000 - 0x00007ffb0f788000 	C:\Windows\System32\NSI.dll
0x00007ffb04090000 - 0x00007ffb040a6000 	C:\Windows\SYSTEM32\dhcpcsvc6.DLL
0x00007ffb040d0000 - 0x00007ffb040ec000 	C:\Windows\SYSTEM32\dhcpcsvc.DLL
0x00007ffb0c6b0000 - 0x00007ffb0c77a000 	C:\Windows\SYSTEM32\DNSAPI.dll

VM Arguments:
jvm_args: -Xmx2048M -Dfile.encoding=windows-1252 -Duser.country=US -Duser.language=en -Duser.variant 
java_command: org.gradle.launcher.daemon.bootstrap.GradleDaemon 6.1-rc-1
java_class_path (initial): C:\Users\remyb\.gradle\wrapper\dists\gradle-6.1-rc-1-all\2aeqb4no7j31slx5jbpydz8zu\gradle-6.1-rc-1\lib\gradle-launcher-6.1.jar
Launcher Type: SUN_STANDARD

Environment Variables:
PATH=C:\Windows\system32;C:\Windows;C:\Windows\System32\Wbem;C:\Windows\System32\WindowsPowerShell\v1.0\;C:\Windows\System32\OpenSSH\;C:\Program Files\Git\cmd;C:\Users\remyb\AppData\Local\Microsoft\WindowsApps;C:\Users\remyb\AppData\Local\GitHubDesktop\bin;C:\ProgramData\remyb\GitHubDesktop\bin
USERNAME=remyb
OS=Windows_NT
PROCESSOR_IDENTIFIER=AMD64 Family 23 Model 113 Stepping 0, AuthenticAMD



---------------  S Y S T E M  ---------------

OS: Windows 10.0 , 64 bit Build 18362 (10.0.18362.329)

CPU:total 24 (initial active 24) (24 cores per cpu, 1 threads per core) family 23 model 113 stepping 0, cmov, cx8, fxsr, mmx, sse, sse2, sse3, ssse3, sse4.1, sse4.2, popcnt, avx, avx2, aes, clmul, mmxext, 3dnowpref, lzcnt, sse4a, tsc, tscinvbit, tscinv, bmi1

Memory: 4k page, physical 33500064k(14714124k free), swap 38604704k(4188k free)

vm_info: OpenJDK 64-Bit Server VM (25.212-b04) for windows-amd64 JRE (1.8.0_212-release-1586-b04), built by "builder" with MS VC++ 10.0 (VS2010)

time: Sun Mar 01 13:04:58 2020
timezone: W. Europe Standard Time
elapsed time: 2957 seconds (0d 0h 49m 17s)

