#
# There is insufficient memory for the Java Runtime Environment to continue.
# Native memory allocation (malloc) failed to allocate 327376 bytes for Chunk::new
# Possible reasons:
#   The system is out of physical RAM or swap space
#   The process is running with CompressedOops enabled, and the Java Heap may be blocking the growth of the native heap
# Possible solutions:
#   Reduce memory load on the system
#   Increase physical memory or swap space
#   Check if swap backing store is full
#   Decrease Java heap size (-Xmx/-Xms)
#   Decrease number of Java threads
#   Decrease Java thread stack sizes (-Xss)
#   Set larger code cache with -XX:ReservedCodeCacheSize=
#   JVM is running with Unscaled Compressed Oops mode in which the Java heap is
#     placed in the first 4GB address space. The Java Heap base address is the
#     maximum limit for the native heap growth. Please use -XX:HeapBaseMinAddress
#     to set the Java Heap base and to place the Java Heap above 4GB virtual address.
# This output file may be truncated or incomplete.
#
#  Out of Memory Error (allocation.cpp:389), pid=1424, tid=0x00000000000062b4
#
# JRE version: OpenJDK Runtime Environment (8.0_212-b04) (build 1.8.0_212-release-1586-b04)
# Java VM: OpenJDK 64-Bit Server VM (25.212-b04 mixed mode windows-amd64 compressed oops)
# Failed to write core dump. Minidumps are not enabled by default on client versions of Windows
#

---------------  T H R E A D  ---------------

Current thread (0x0000000018906800):  JavaThread "C2 CompilerThread1" daemon [_thread_in_native, id=25268, stack(0x000000001d0c0000,0x000000001d1c0000)]

Stack: [0x000000001d0c0000,0x000000001d1c0000]
[error occurred during error reporting (printing stack bounds), id 0xc0000005]

Native frames: (J=compiled Java code, j=interpreted, Vv=VM code, C=native code)


Current CompileTask:
C2:  64108 7503  s    4       java.beans.MethodDescriptor::setMethod (41 bytes)


---------------  P R O C E S S  ---------------

Java Threads: ( => current thread )
  0x000000002270f800 JavaThread "Cache worker for cache directory md-rule (C:\Users\remyb\.gradle\caches\6.1-rc-1\md-rule)" [_thread_blocked, id=10100, stack(0x0000000025d00000,0x0000000025e00000)]
  0x000000002270a800 JavaThread "Cache worker for cache directory md-supplier (C:\Users\remyb\.gradle\caches\6.1-rc-1\md-supplier)" [_thread_blocked, id=9624, stack(0x0000000024280000,0x0000000024380000)]
  0x0000000022708000 JavaThread "Cache worker for file hash cache (C:\Android Development\Portfolio apps\Curiosity Reporting\.gradle\6.1-rc-1\fileHashes)" [_thread_blocked, id=24760, stack(0x0000000024180000,0x0000000024280000)]
  0x000000002270f000 JavaThread "Cache worker for checksums cache (C:\Android Development\Portfolio apps\Curiosity Reporting\.gradle\checksums)" [_thread_blocked, id=13552, stack(0x00000000216e0000,0x00000000217e0000)]
  0x000000002270d800 JavaThread "Thread-71" [_thread_blocked, id=3172, stack(0x00000000215e0000,0x00000000216e0000)]
  0x0000000022709800 JavaThread "Stdin handler" [_thread_blocked, id=22848, stack(0x00000000214e0000,0x00000000215e0000)]
  0x000000002270c800 JavaThread "Asynchronous log dispatcher for DefaultDaemonConnection: socket connection from /127.0.0.1:52513 to /127.0.0.1:52694" [_thread_blocked, id=17056, stack(0x0000000001000000,0x0000000001100000)]
  0x000000002270b000 JavaThread "Cancel handler" [_thread_blocked, id=12308, stack(0x0000000000f00000,0x0000000001000000)]
  0x000000002270c000 JavaThread "Handler for socket connection from /127.0.0.1:52513 to /127.0.0.1:52694" [_thread_in_native, id=8084, stack(0x0000000000c20000,0x0000000000d20000)]
  0x0000000022716800 JavaThread "Memory manager" [_thread_blocked, id=3780, stack(0x00000000288a0000,0x00000000289a0000)]
  0x000000001a8cb000 JavaThread "Cache worker for execution history cache (C:\Users\remyb\.gradle\caches\6.1-rc-1\executionHistory)" [_thread_blocked, id=24160, stack(0x0000000025800000,0x0000000025900000)]
  0x000000001a8c8800 JavaThread "Cache worker for file hash cache (C:\Users\remyb\.gradle\caches\6.1-rc-1\fileHashes)" [_thread_blocked, id=6592, stack(0x0000000021ce0000,0x0000000021de0000)]
  0x000000001a8c5800 JavaThread "File lock request listener" [_thread_in_native, id=23772, stack(0x0000000021ae0000,0x0000000021be0000)]
  0x000000001fc0e800 JavaThread "Cache worker for journal cache (C:\Users\remyb\.gradle\caches\journal-1)" [_thread_blocked, id=19620, stack(0x00000000219e0000,0x0000000021ae0000)]
  0x000000001fb0b800 JavaThread "Daemon worker" [_thread_in_vm, id=24448, stack(0x00000000213e0000,0x00000000214e0000)]
  0x000000001faf6800 JavaThread "Daemon" [_thread_blocked, id=14240, stack(0x0000000020ee0000,0x0000000020fe0000)]
  0x000000001fa7e800 JavaThread "Daemon periodic checks" [_thread_blocked, id=19044, stack(0x0000000020de0000,0x0000000020ee0000)]
  0x000000001fa7c800 JavaThread "Incoming local TCP Connector on port 52513" [_thread_in_native, id=2948, stack(0x0000000020ba0000,0x0000000020ca0000)]
  0x000000001f9c8800 JavaThread "Daemon health stats" [_thread_blocked, id=23996, stack(0x0000000020560000,0x0000000020660000)]
  0x000000001a94d800 JavaThread "Service Thread" daemon [_thread_blocked, id=16816, stack(0x000000001dbc0000,0x000000001dcc0000)]
  0x000000001a8c5000 JavaThread "C1 CompilerThread11" daemon [_thread_in_native, id=4668, stack(0x000000001dac0000,0x000000001dbc0000)]
  0x000000001a8c4000 JavaThread "C1 CompilerThread10" daemon [_thread_in_vm, id=20384, stack(0x000000001d9c0000,0x000000001dac0000)]
  0x000000001a8ca000 JavaThread "C1 CompilerThread9" daemon [_thread_blocked, id=4516, stack(0x000000001d8c0000,0x000000001d9c0000)]
  0x000000001a8a5800 JavaThread "C1 CompilerThread8" daemon [_thread_blocked, id=8808, stack(0x000000001d7c0000,0x000000001d8c0000)]
  0x000000001a868800 JavaThread "C2 CompilerThread7" daemon [_thread_blocked, id=18928, stack(0x000000001d6c0000,0x000000001d7c0000)]
  0x000000001a866800 JavaThread "C2 CompilerThread6" daemon [_thread_in_native, id=13072, stack(0x000000001d5c0000,0x000000001d6c0000)]
  0x000000001a866000 JavaThread "C2 CompilerThread5" daemon [_thread_blocked, id=3404, stack(0x000000001d4c0000,0x000000001d5c0000)]
  0x000000001a871000 JavaThread "C2 CompilerThread4" daemon [_thread_blocked, id=1816, stack(0x000000001d3c0000,0x000000001d4c0000)]
  0x000000001a863000 JavaThread "C2 CompilerThread3" daemon [_thread_blocked, id=21852, stack(0x000000001d2c0000,0x000000001d3c0000)]
  0x0000000018907000 JavaThread "C2 CompilerThread2" daemon [_thread_blocked, id=14884, stack(0x000000001d1c0000,0x000000001d2c0000)]
=>0x0000000018906800 JavaThread "C2 CompilerThread1" daemon [_thread_in_native, id=25268, stack(0x000000001d0c0000,0x000000001d1c0000)]
  0x0000000018901800 JavaThread "C2 CompilerThread0" daemon [_thread_blocked, id=20656, stack(0x000000001cfc0000,0x000000001d0c0000)]
  0x0000000018901000 JavaThread "Attach Listener" daemon [_thread_blocked, id=8256, stack(0x000000001cec0000,0x000000001cfc0000)]
  0x000000001890e000 JavaThread "Signal Dispatcher" daemon [_thread_blocked, id=6576, stack(0x000000001cdc0000,0x000000001cec0000)]
  0x000000001a85a000 JavaThread "Finalizer" daemon [_thread_blocked, id=16984, stack(0x000000001cbc0000,0x000000001ccc0000)]
  0x00000000188f3800 JavaThread "Reference Handler" daemon [_thread_blocked, id=23624, stack(0x000000001cac0000,0x000000001cbc0000)]
  0x0000000002bbd800 JavaThread "main" [_thread_blocked, id=3640, stack(0x0000000002c90000,0x0000000002d90000)]

Other Threads:
  0x00000000188ed800 VMThread [stack: 0x000000001c9c0000,0x000000001cac0000] [id=23100]
  0x000000001a92d000 WatcherThread [stack: 0x000000001dcc0000,0x000000001ddc0000] [id=15324]

VM state:not at safepoint (normal execution)

VM Mutex/Monitor currently owned by a thread: None

heap address: 0x0000000080000000, size: 2048 MB, Compressed Oops mode: 32-bit
Narrow klass base: 0x0000000000000000, Narrow klass shift: 3
Compressed class space size: 1073741824 Address: 0x0000000100000000

Heap:
 PSYoungGen      total 281600K, used 33011K [0x00000000d5580000, 0x00000000eba80000, 0x0000000100000000)
  eden space 255488K, 3% used [0x00000000d5580000,0x00000000d5eac340,0x00000000e4f00000)
  from space 26112K, 90% used [0x00000000e4f00000,0x00000000e6610ca0,0x00000000e6880000)
  to   space 28672K, 0% used [0x00000000e9e80000,0x00000000e9e80000,0x00000000eba80000)
 ParOldGen       total 511488K, used 36153K [0x0000000080000000, 0x000000009f380000, 0x00000000d5580000)
  object space 511488K, 7% used [0x0000000080000000,0x000000008234e630,0x000000009f380000)
 Metaspace       used 69378K, capacity 72134K, committed 72344K, reserved 1112064K
  class space    used 9204K, capacity 9871K, committed 9904K, reserved 1048576K

Card table byte_map: [0x0000000012250000,0x0000000012660000] byte_map_base: 0x0000000011e50000

Marking Bits: (ParMarkBitMap*) 0x000000006a6e9f30
 Begin Bits: [0x0000000013b10000, 0x0000000015b10000)
 End Bits:   [0x0000000015b10000, 0x0000000017b10000)

Polling page: 0x0000000001110000

CodeCache: size=245760Kb used=24696Kb max_used=25609Kb free=221063Kb
 bounds [0x0000000002e90000, 0x00000000047b0000, 0x0000000011e90000]
 total_blobs=7294 nmethods=6483 adapters=721
 compilation: enabled

Compilation events (10 events):
Event: 64.102 Thread 0x000000001a8a5800 7524       3       java.util.Properties::<init> (10 bytes)
Event: 64.102 Thread 0x000000001a8c5000 nmethod 7523 0x00000000037091d0 code [0x0000000003709360, 0x00000000037095e8]
Event: 64.102 Thread 0x000000001a8a5800 nmethod 7524 0x0000000003438090 code [0x0000000003438220, 0x0000000003438448]
Event: 64.104 Thread 0x000000001a8c4000 7525       1       org.gradle.api.internal.project.DefaultProject::getServices (5 bytes)
Event: 64.104 Thread 0x000000001a8c4000 nmethod 7525 0x00000000036eda90 code [0x00000000036edbe0, 0x00000000036edcf0]
Event: 64.106 Thread 0x000000001a8ca000 7526       3       groovy.lang.MetaClassImpl::applyPropertyDescriptors (151 bytes)
Event: 64.107 Thread 0x000000001a8a5800 7527       3       org.codehaus.groovy.runtime.callsite.AbstractCallSite::noWrappers (27 bytes)
Event: 64.107 Thread 0x000000001a8c5000 7528       3       org.codehaus.groovy.runtime.callsite.CallSiteGenerator::writeMethod (613 bytes)
Event: 64.107 Thread 0x000000001a8c4000 7529       3       org.codehaus.groovy.classgen.asm.BytecodeHelper::box (65 bytes)
Event: 64.107 Thread 0x000000001a8a5800 nmethod 7527 0x0000000003734890 code [0x0000000003734a00, 0x0000000003734d30]

GC Heap History (10 events):
Event: 2.171 GC heap before
{Heap before GC invocations=6 (full 2):
 PSYoungGen      total 211968K, used 10975K [0x00000000d5580000, 0x00000000e4180000, 0x0000000100000000)
  eden space 190464K, 0% used [0x00000000d5580000,0x00000000d5580000,0x00000000e0f80000)
  from space 21504K, 51% used [0x00000000e2480000,0x00000000e2f37da8,0x00000000e3980000)
  to   space 21504K, 0% used [0x00000000e0f80000,0x00000000e0f80000,0x00000000e2480000)
 ParOldGen       total 216064K, used 13666K [0x0000000080000000, 0x000000008d300000, 0x00000000d5580000)
  object space 216064K, 6% used [0x0000000080000000,0x0000000080d58ab0,0x000000008d300000)
 Metaspace       used 34464K, capacity 35282K, committed 35496K, reserved 1079296K
  class space    used 4688K, capacity 4934K, committed 5040K, reserved 1048576K
Event: 2.198 GC heap after
Heap after GC invocations=6 (full 2):
 PSYoungGen      total 211968K, used 0K [0x00000000d5580000, 0x00000000e4180000, 0x0000000100000000)
  eden space 190464K, 0% used [0x00000000d5580000,0x00000000d5580000,0x00000000e0f80000)
  from space 21504K, 0% used [0x00000000e2480000,0x00000000e2480000,0x00000000e3980000)
  to   space 21504K, 0% used [0x00000000e0f80000,0x00000000e0f80000,0x00000000e2480000)
 ParOldGen       total 345088K, used 17214K [0x0000000080000000, 0x0000000095100000, 0x00000000d5580000)
  object space 345088K, 4% used [0x0000000080000000,0x00000000810cfb80,0x0000000095100000)
 Metaspace       used 34464K, capacity 35282K, committed 35496K, reserved 1079296K
  class space    used 4688K, capacity 4934K, committed 5040K, reserved 1048576K
}
Event: 3.249 GC heap before
{Heap before GC invocations=7 (full 2):
 PSYoungGen      total 211968K, used 190464K [0x00000000d5580000, 0x00000000e4180000, 0x0000000100000000)
  eden space 190464K, 100% used [0x00000000d5580000,0x00000000e0f80000,0x00000000e0f80000)
  from space 21504K, 0% used [0x00000000e2480000,0x00000000e2480000,0x00000000e3980000)
  to   space 21504K, 0% used [0x00000000e0f80000,0x00000000e0f80000,0x00000000e2480000)
 ParOldGen       total 345088K, used 17214K [0x0000000080000000, 0x0000000095100000, 0x00000000d5580000)
  object space 345088K, 4% used [0x0000000080000000,0x00000000810cfb80,0x0000000095100000)
 Metaspace       used 51405K, capacity 53026K, committed 53160K, reserved 1095680K
  class space    used 6661K, capacity 7073K, committed 7088K, reserved 1048576K
Event: 3.259 GC heap after
Heap after GC invocations=7 (full 2):
 PSYoungGen      total 211968K, used 21484K [0x00000000d5580000, 0x00000000e7e80000, 0x0000000100000000)
  eden space 190464K, 0% used [0x00000000d5580000,0x00000000d5580000,0x00000000e0f80000)
  from space 21504K, 99% used [0x00000000e0f80000,0x00000000e247b0f0,0x00000000e2480000)
  to   space 22528K, 0% used [0x00000000e6880000,0x00000000e6880000,0x00000000e7e80000)
 ParOldGen       total 345088K, used 18578K [0x0000000080000000, 0x0000000095100000, 0x00000000d5580000)
  object space 345088K, 5% used [0x0000000080000000,0x0000000081224b20,0x0000000095100000)
 Metaspace       used 51405K, capacity 53026K, committed 53160K, reserved 1095680K
  class space    used 6661K, capacity 7073K, committed 7088K, reserved 1048576K
}
Event: 3.736 GC heap before
{Heap before GC invocations=8 (full 2):
 PSYoungGen      total 211968K, used 137673K [0x00000000d5580000, 0x00000000e7e80000, 0x0000000100000000)
  eden space 190464K, 61% used [0x00000000d5580000,0x00000000dc6f7450,0x00000000e0f80000)
  from space 21504K, 99% used [0x00000000e0f80000,0x00000000e247b0f0,0x00000000e2480000)
  to   space 22528K, 0% used [0x00000000e6880000,0x00000000e6880000,0x00000000e7e80000)
 ParOldGen       total 345088K, used 18578K [0x0000000080000000, 0x0000000095100000, 0x00000000d5580000)
  object space 345088K, 5% used [0x0000000080000000,0x0000000081224b20,0x0000000095100000)
 Metaspace       used 56861K, capacity 58922K, committed 59160K, reserved 1099776K
  class space    used 7487K, capacity 7977K, committed 7984K, reserved 1048576K
Event: 3.746 GC heap after
Heap after GC invocations=8 (full 2):
 PSYoungGen      total 278016K, used 22515K [0x00000000d5580000, 0x00000000e8b80000, 0x0000000100000000)
  eden space 255488K, 0% used [0x00000000d5580000,0x00000000d5580000,0x00000000e4f00000)
  from space 22528K, 99% used [0x00000000e6880000,0x00000000e7e7ce00,0x00000000e7e80000)
  to   space 26112K, 0% used [0x00000000e4f00000,0x00000000e4f00000,0x00000000e6880000)
 ParOldGen       total 345088K, used 19135K [0x0000000080000000, 0x0000000095100000, 0x00000000d5580000)
  object space 345088K, 5% used [0x0000000080000000,0x00000000812afc00,0x0000000095100000)
 Metaspace       used 56861K, capacity 58922K, committed 59160K, reserved 1099776K
  class space    used 7487K, capacity 7977K, committed 7984K, reserved 1048576K
}
Event: 3.746 GC heap before
{Heap before GC invocations=9 (full 3):
 PSYoungGen      total 278016K, used 22515K [0x00000000d5580000, 0x00000000e8b80000, 0x0000000100000000)
  eden space 255488K, 0% used [0x00000000d5580000,0x00000000d5580000,0x00000000e4f00000)
  from space 22528K, 99% used [0x00000000e6880000,0x00000000e7e7ce00,0x00000000e7e80000)
  to   space 26112K, 0% used [0x00000000e4f00000,0x00000000e4f00000,0x00000000e6880000)
 ParOldGen       total 345088K, used 19135K [0x0000000080000000, 0x0000000095100000, 0x00000000d5580000)
  object space 345088K, 5% used [0x0000000080000000,0x00000000812afc00,0x0000000095100000)
 Metaspace       used 56861K, capacity 58922K, committed 59160K, reserved 1099776K
  class space    used 7487K, capacity 7977K, committed 7984K, reserved 1048576K
Event: 3.883 GC heap after
Heap after GC invocations=9 (full 3):
 PSYoungGen      total 278016K, used 0K [0x00000000d5580000, 0x00000000e8b80000, 0x0000000100000000)
  eden space 255488K, 0% used [0x00000000d5580000,0x00000000d5580000,0x00000000e4f00000)
  from space 22528K, 0% used [0x00000000e6880000,0x00000000e6880000,0x00000000e7e80000)
  to   space 26112K, 0% used [0x00000000e4f00000,0x00000000e4f00000,0x00000000e6880000)
 ParOldGen       total 511488K, used 36145K [0x0000000080000000, 0x000000009f380000, 0x00000000d5580000)
  object space 511488K, 7% used [0x0000000080000000,0x000000008234c630,0x000000009f380000)
 Metaspace       used 56721K, capacity 58484K, committed 59160K, reserved 1099776K
  class space    used 7447K, capacity 7884K, committed 7984K, reserved 1048576K
}
Event: 64.079 GC heap before
{Heap before GC invocations=10 (full 3):
 PSYoungGen      total 278016K, used 255488K [0x00000000d5580000, 0x00000000e8b80000, 0x0000000100000000)
  eden space 255488K, 100% used [0x00000000d5580000,0x00000000e4f00000,0x00000000e4f00000)
  from space 22528K, 0% used [0x00000000e6880000,0x00000000e6880000,0x00000000e7e80000)
  to   space 26112K, 0% used [0x00000000e4f00000,0x00000000e4f00000,0x00000000e6880000)
 ParOldGen       total 511488K, used 36145K [0x0000000080000000, 0x000000009f380000, 0x00000000d5580000)
  object space 511488K, 7% used [0x0000000080000000,0x000000008234c630,0x000000009f380000)
 Metaspace       used 69320K, capacity 72024K, committed 72088K, reserved 1112064K
  class space    used 9195K, capacity 9858K, committed 9904K, reserved 1048576K
Event: 64.090 GC heap after
Heap after GC invocations=10 (full 3):
 PSYoungGen      total 281600K, used 23619K [0x00000000d5580000, 0x00000000eba80000, 0x0000000100000000)
  eden space 255488K, 0% used [0x00000000d5580000,0x00000000d5580000,0x00000000e4f00000)
  from space 26112K, 90% used [0x00000000e4f00000,0x00000000e6610ca0,0x00000000e6880000)
  to   space 28672K, 0% used [0x00000000e9e80000,0x00000000e9e80000,0x00000000eba80000)
 ParOldGen       total 511488K, used 36153K [0x0000000080000000, 0x000000009f380000, 0x00000000d5580000)
  object space 511488K, 7% used [0x0000000080000000,0x000000008234e630,0x000000009f380000)
 Metaspace       used 69320K, capacity 72024K, committed 72088K, reserved 1112064K
  class space    used 9195K, capacity 9858K, committed 9904K, reserved 1048576K
}

Deoptimization events (10 events):
Event: 4.708 Thread 0x000000001fb0b800 Uncommon trap: reason=unstable_if action=reinterpret pc=0x0000000003dce958 method=java.util.HashMap$HashIterator.<init>(Ljava/util/HashMap;)V @ 45
Event: 4.712 Thread 0x000000001f5bc800 Uncommon trap: reason=unstable_if action=reinterpret pc=0x000000000407dcb8 method=java.util.concurrent.locks.LockSupport.unpark(Ljava/lang/Thread;)V @ 1
Event: 4.719 Thread 0x000000001fb0b800 Uncommon trap: reason=unstable_if action=reinterpret pc=0x00000000036a5598 method=org.gradle.internal.logging.slf4j.OutputEventListenerBackedLogger.isLevelAtMost(Lorg/gradle/api/logging/LogLevel;)Z @ 11
Event: 4.731 Thread 0x000000001fafb800 Uncommon trap: reason=unstable_if action=reinterpret pc=0x00000000047308f0 method=com.esotericsoftware.kryo.io.Input.require(I)I @ 180
Event: 4.732 Thread 0x000000001faf6800 Uncommon trap: reason=unstable_if action=reinterpret pc=0x000000000431da9c method=java.util.HashMap$HashIterator.<init>(Ljava/util/HashMap;)V @ 45
Event: 63.909 Thread 0x000000002270c000 Uncommon trap: reason=unstable_if action=reinterpret pc=0x0000000003b1eff8 method=com.esotericsoftware.kryo.io.Input.readUtf8(I)V @ 79
Event: 63.932 Thread 0x000000001fb0b800 Uncommon trap: reason=unstable_if action=reinterpret pc=0x00000000044f1ee0 method=java.net.URLClassLoader.getAndVerifyPackage(Ljava/lang/String;Ljava/util/jar/Manifest;Ljava/net/URL;)Ljava/lang/Package; @ 62
Event: 63.933 Thread 0x000000001fb0b800 Uncommon trap: reason=unstable_if action=reinterpret pc=0x0000000004531090 method=java.net.URLClassLoader.getAndVerifyPackage(Ljava/lang/String;Ljava/util/jar/Manifest;Ljava/net/URL;)Ljava/lang/Package; @ 62
Event: 64.062 Thread 0x000000001fb0b800 Uncommon trap: reason=unstable_if action=reinterpret pc=0x000000000438fdbc method=org.codehaus.groovy.runtime.metaclass.MetaMethodIndex.copyNonPrivateNonNewMetaMethods(Lorg/codehaus/groovy/runtime/metaclass/MetaMethodIndex$Entry;Lorg/codehaus/groovy/runti
Event: 64.090 Thread 0x00000000188f3800 Uncommon trap: reason=unstable_if action=reinterpret pc=0x00000000034d773c method=java.lang.ref.Reference.tryHandlePending(Z)Z @ 20

Classes redefined (0 events):
No events

Internal exceptions (10 events):
Event: 64.076 Thread 0x000000001fb0b800 Exception <a 'java/lang/ClassNotFoundException': org/jetbrains/plugins/gradle/tooling/builder/IntelliJSettingsBuilderBeanInfo> (0x00000000e4e37b20) thrown at [D:\src\AOSP-openjdk-cygwin\jdk8u\hotspot\src\share\vm\classfile\systemDictionary.cpp, line 210]
Event: 64.076 Thread 0x000000001fb0b800 Exception <a 'java/lang/ClassNotFoundException': org/jetbrains/plugins/gradle/tooling/builder/IntelliJSettingsBuilderCustomizer> (0x00000000e4e46188) thrown at [D:\src\AOSP-openjdk-cygwin\jdk8u\hotspot\src\share\vm\classfile\systemDictionary.cpp, line 210
Event: 64.077 Thread 0x000000001fb0b800 Exception <a 'java/lang/ClassNotFoundException': org/jetbrains/plugins/gradle/tooling/builder/IntelliJProjectSettingsBuilderBeanInfo> (0x00000000e4e84d58) thrown at [D:\src\AOSP-openjdk-cygwin\jdk8u\hotspot\src\share\vm\classfile\systemDictionary.cpp, lin
Event: 64.077 Thread 0x000000001fb0b800 Exception <a 'java/lang/ClassNotFoundException': org/jetbrains/plugins/gradle/tooling/builder/IntelliJProjectSettingsBuilderCustomizer> (0x00000000e4e93c58) thrown at [D:\src\AOSP-openjdk-cygwin\jdk8u\hotspot\src\share\vm\classfile\systemDictionary.cpp, l
Event: 64.092 Thread 0x000000001fb0b800 Exception <a 'java/lang/ClassNotFoundException': java/util/concurrent/CopyOnWriteArrayListBeanInfo> (0x00000000d5678a48) thrown at [D:\src\AOSP-openjdk-cygwin\jdk8u\hotspot\src\share\vm\classfile\systemDictionary.cpp, line 210]
Event: 64.092 Thread 0x000000001fb0b800 Exception <a 'java/lang/ClassNotFoundException': java/util/concurrent/CopyOnWriteArrayListCustomizer> (0x00000000d5680f38) thrown at [D:\src\AOSP-openjdk-cygwin\jdk8u\hotspot\src\share\vm\classfile\systemDictionary.cpp, line 210]
Event: 64.105 Thread 0x000000001fb0b800 Exception <a 'java/lang/ClassNotFoundException': org/gradle/internal/service/scopes/ProjectScopeServicesBeanInfo> (0x00000000d57eed00) thrown at [D:\src\AOSP-openjdk-cygwin\jdk8u\hotspot\src\share\vm\classfile\systemDictionary.cpp, line 210]
Event: 64.105 Thread 0x000000001fb0b800 Exception <a 'java/lang/ClassNotFoundException': org/gradle/internal/service/DefaultServiceRegistryBeanInfo> (0x00000000d580a458) thrown at [D:\src\AOSP-openjdk-cygwin\jdk8u\hotspot\src\share\vm\classfile\systemDictionary.cpp, line 210]
Event: 64.106 Thread 0x000000001fb0b800 Exception <a 'java/lang/ClassNotFoundException': org/gradle/internal/service/DefaultServiceRegistryCustomizer> (0x00000000d5826ec0) thrown at [D:\src\AOSP-openjdk-cygwin\jdk8u\hotspot\src\share\vm\classfile\systemDictionary.cpp, line 210]
Event: 64.106 Thread 0x000000001fb0b800 Exception <a 'java/lang/ClassNotFoundException': org/gradle/internal/service/scopes/ProjectScopeServicesCustomizer> (0x00000000d5856cd8) thrown at [D:\src\AOSP-openjdk-cygwin\jdk8u\hotspot\src\share\vm\classfile\systemDictionary.cpp, line 210]

Events (10 events):
Event: 64.106 loading class org/gradle/internal/service/scopes/ProjectScopeServicesCustomizer
Event: 64.106 loading class org/gradle/internal/service/scopes/ProjectScopeServicesCustomizer done
Event: 64.106 loading class org/gradle/internal/service/scopes/ProjectScopeServicesCustomizer
Event: 64.106 loading class org/gradle/internal/service/scopes/ProjectScopeServicesCustomizer done
Event: 64.106 loading class org/gradle/internal/service/scopes/ProjectScopeServicesCustomizer
Event: 64.106 loading class org/gradle/internal/service/scopes/ProjectScopeServicesCustomizer done
Event: 64.107 Thread 0x000000001a8a5800 flushing nmethod 0x0000000003c365d0
Event: 64.107 Thread 0x000000001a8a5800 flushing nmethod 0x0000000003c57210
Event: 64.107 loading class groovy/lang/GroovyRuntimeException
Event: 64.107 loading class groovy/lang/GroovyRuntimeException done


Dynamic libraries:
0x00007ff6822d0000 - 0x00007ff682301000 	C:\Program Files\Android\Android Studio\jre\bin\java.exe
0x00007ffb10260000 - 0x00007ffb10450000 	C:\Windows\SYSTEM32\ntdll.dll
0x00007ffb0ee20000 - 0x00007ffb0eed2000 	C:\Windows\System32\KERNEL32.DLL
0x00007ffb0e060000 - 0x00007ffb0e303000 	C:\Windows\System32\KERNELBASE.dll
0x00007ffb0ed10000 - 0x00007ffb0edb3000 	C:\Windows\System32\ADVAPI32.dll
0x00007ffb0eee0000 - 0x00007ffb0ef7e000 	C:\Windows\System32\msvcrt.dll
0x00007ffb0ff50000 - 0x00007ffb0ffe7000 	C:\Windows\System32\sechost.dll
0x00007ffb0e780000 - 0x00007ffb0e8a0000 	C:\Windows\System32\RPCRT4.dll
0x00007ffb0f490000 - 0x00007ffb0f624000 	C:\Windows\System32\USER32.dll
0x00007ffb0d590000 - 0x00007ffb0d5b1000 	C:\Windows\System32\win32u.dll
0x00007ffb0edf0000 - 0x00007ffb0ee16000 	C:\Windows\System32\GDI32.dll
0x00007ffb0d5c0000 - 0x00007ffb0d754000 	C:\Windows\System32\gdi32full.dll
0x00007ffb0d340000 - 0x00007ffb0d3de000 	C:\Windows\System32\msvcp_win.dll
0x00007ffb0d430000 - 0x00007ffb0d52a000 	C:\Windows\System32\ucrtbase.dll
0x00007ffafe3c0000 - 0x00007ffafe645000 	C:\Windows\WinSxS\amd64_microsoft.windows.common-controls_6595b64144ccf1df_6.0.18362.657_none_e6c5b579130e3898\COMCTL32.dll
0x00007ffb0f140000 - 0x00007ffb0f476000 	C:\Windows\System32\combase.dll
0x00007ffb0dee0000 - 0x00007ffb0df60000 	C:\Windows\System32\bcryptPrimitives.dll
0x00007ffb0edc0000 - 0x00007ffb0edee000 	C:\Windows\System32\IMM32.DLL
0x000000006aa90000 - 0x000000006ab62000 	C:\Program Files\Android\Android Studio\jre\jre\bin\msvcr100.dll
0x0000000069f20000 - 0x000000006a766000 	C:\Program Files\Android\Android Studio\jre\jre\bin\server\jvm.dll
0x00007ffb0f630000 - 0x00007ffb0f638000 	C:\Windows\System32\PSAPI.DLL
0x00007ffab0f30000 - 0x00007ffab0f39000 	C:\Windows\SYSTEM32\WSOCK32.dll
0x00007ffb0a6c0000 - 0x00007ffb0a6e4000 	C:\Windows\SYSTEM32\WINMM.dll
0x00007ffb0bc10000 - 0x00007ffb0bc1a000 	C:\Windows\SYSTEM32\VERSION.dll
0x00007ffb0eca0000 - 0x00007ffb0ed0f000 	C:\Windows\System32\WS2_32.dll
0x00007ffb09fd0000 - 0x00007ffb09ffd000 	C:\Windows\SYSTEM32\WINMMBASE.dll
0x00007ffb0d3e0000 - 0x00007ffb0d42a000 	C:\Windows\System32\cfgmgr32.dll
0x00007ffb05880000 - 0x00007ffb0588f000 	C:\Program Files\Android\Android Studio\jre\jre\bin\verify.dll
0x00007ffaaddf0000 - 0x00007ffaade19000 	C:\Program Files\Android\Android Studio\jre\jre\bin\java.dll
0x00007ffaaddd0000 - 0x00007ffaadde6000 	C:\Program Files\Android\Android Studio\jre\jre\bin\zip.dll
0x00007ffb0f790000 - 0x00007ffb0fe75000 	C:\Windows\System32\SHELL32.dll
0x00007ffb0ea40000 - 0x00007ffb0eae9000 	C:\Windows\System32\shcore.dll
0x00007ffb0d760000 - 0x00007ffb0dedf000 	C:\Windows\System32\windows.storage.dll
0x00007ffb0d160000 - 0x00007ffb0d17f000 	C:\Windows\System32\profapi.dll
0x00007ffb0d180000 - 0x00007ffb0d1ca000 	C:\Windows\System32\powrprof.dll
0x00007ffb0d130000 - 0x00007ffb0d140000 	C:\Windows\System32\UMPDC.dll
0x00007ffb0eb70000 - 0x00007ffb0ebc2000 	C:\Windows\System32\shlwapi.dll
0x00007ffb0d140000 - 0x00007ffb0d151000 	C:\Windows\System32\kernel.appcore.dll
0x00007ffb0df90000 - 0x00007ffb0dfa7000 	C:\Windows\System32\cryptsp.dll
0x00007ffaadd90000 - 0x00007ffaaddaa000 	C:\Program Files\Android\Android Studio\jre\jre\bin\net.dll
0x00007ffaff7a0000 - 0x00007ffaff976000 	C:\Windows\SYSTEM32\urlmon.dll
0x00007ffaffad0000 - 0x00007ffaffd76000 	C:\Windows\SYSTEM32\iertutil.dll
0x00007ffb0cad0000 - 0x00007ffb0cadc000 	C:\Windows\SYSTEM32\CRYPTBASE.DLL
0x00007ffb0c950000 - 0x00007ffb0c9b7000 	C:\Windows\system32\mswsock.dll
0x00007ffaadd70000 - 0x00007ffaadd83000 	C:\Program Files\Android\Android Studio\jre\jre\bin\nio.dll
0x00007ffb097d0000 - 0x00007ffb097f6000 	C:\Users\remyb\.gradle\native\31\windows-amd64\native-platform.dll
0x00007ffb05870000 - 0x00007ffb0587d000 	C:\Program Files\Android\Android Studio\jre\jre\bin\management.dll
0x00007ffb0c4d0000 - 0x00007ffb0c503000 	C:\Windows\system32\rsaenh.dll
0x00007ffb0df60000 - 0x00007ffb0df86000 	C:\Windows\System32\bcrypt.dll
0x00007ffb0d050000 - 0x00007ffb0d075000 	C:\Windows\SYSTEM32\USERENV.dll
0x00007ffb0c670000 - 0x00007ffb0c6aa000 	C:\Windows\SYSTEM32\IPHLPAPI.DLL
0x00007ffb0f780000 - 0x00007ffb0f788000 	C:\Windows\System32\NSI.dll
0x00007ffb04090000 - 0x00007ffb040a6000 	C:\Windows\SYSTEM32\dhcpcsvc6.DLL
0x00007ffb040d0000 - 0x00007ffb040ec000 	C:\Windows\SYSTEM32\dhcpcsvc.DLL
0x00007ffb0c6b0000 - 0x00007ffb0c77a000 	C:\Windows\SYSTEM32\DNSAPI.dll

VM Arguments:
jvm_args: -Xmx2048M -Dfile.encoding=windows-1252 -Duser.country=US -Duser.language=en -Duser.variant 
java_command: org.gradle.launcher.daemon.bootstrap.GradleDaemon 6.1-rc-1
java_class_path (initial): C:\Users\remyb\.gradle\wrapper\dists\gradle-6.1-rc-1-all\2aeqb4no7j31slx5jbpydz8zu\gradle-6.1-rc-1\lib\gradle-launcher-6.1.jar
Launcher Type: SUN_STANDARD

Environment Variables:
PATH=C:\Windows\system32;C:\Windows;C:\Windows\System32\Wbem;C:\Windows\System32\WindowsPowerShell\v1.0\;C:\Windows\System32\OpenSSH\;C:\Program Files\Git\cmd;C:\Users\remyb\AppData\Local\Microsoft\WindowsApps;C:\Users\remyb\AppData\Local\GitHubDesktop\bin;C:\ProgramData\remyb\GitHubDesktop\bin
USERNAME=remyb
OS=Windows_NT
PROCESSOR_IDENTIFIER=AMD64 Family 23 Model 113 Stepping 0, AuthenticAMD



---------------  S Y S T E M  ---------------

OS: Windows 10.0 , 64 bit Build 18362 (10.0.18362.329)

CPU:total 24 (initial active 24) (24 cores per cpu, 1 threads per core) family 23 model 113 stepping 0, cmov, cx8, fxsr, mmx, sse, sse2, sse3, ssse3, sse4.1, sse4.2, popcnt, avx, avx2, aes, clmul, mmxext, 3dnowpref, lzcnt, sse4a, tsc, tscinvbit, tscinv, bmi1

Memory: 4k page, physical 33500064k(14986392k free), swap 38604704k(5332k free)

vm_info: OpenJDK 64-Bit Server VM (25.212-b04) for windows-amd64 JRE (1.8.0_212-release-1586-b04), built by "builder" with MS VC++ 10.0 (VS2010)

time: Sun Mar 01 13:07:36 2020
timezone: W. Europe Standard Time
elapsed time: 64 seconds (0d 0h 1m 4s)

